<?xml version="1.0" encoding="UTF-8"?>
<!-- Generated by org.testng.reporters.JUnitReportReporter -->
<testsuite hostname="DESKTOP-SL6PSK1" failures="0" tests="16" name="com.selenium.Ignore_Test" time="0.066" errors="0" timestamp="2024-04-10T10:21:12 IST" skipped="1">
  <testcase classname="com.selenium.Ignore_Test" name="edge1" time="0.018"/>
  <testcase classname="com.selenium.Ignore_Test" name="edge" time="0.002"/>
  <testcase classname="com.selenium.Ignore_Test" name="chrome2" time="0.005"/>
  <testcase classname="com.selenium.Ignore_Test" name="chrome1" time="0.003"/>
  <testcase classname="com.selenium.Ignore_Test" name="chrome2" time="0.001"/>
  <testcase classname="com.selenium.Ignore_Test" name="chrome1" time="0.004"/>
  <testcase classname="com.selenium.Ignore_Test" name="chrome2" time="0.001"/>
  <testcase classname="com.selenium.Ignore_Test" name="chrome1" time="0.005"/>
  <testcase classname="com.selenium.Ignore_Test" name="chrome1" time="0.003"/>
  <testcase classname="com.selenium.Ignore_Test" name="chrome1" time="0.005"/>
  <testcase classname="com.selenium.Ignore_Test" name="chrome1" time="0.002"/>
  <testcase classname="com.selenium.Ignore_Test" name="chrome1" time="0.005"/>
  <testcase classname="com.selenium.Ignore_Test" name="chrome1" time="0.005"/>
  <testcase classname="com.selenium.Ignore_Test" name="firefox1" time="0.002"/>
  <testcase classname="com.selenium.Ignore_Test" name="chrome3" time="0.005"/>
  <testcase classname="com.selenium.Ignore_Test" name="firefox">
    <skipped/>
  </testcase> <!-- firefox -->
</testsuite> <!-- com.selenium.Ignore_Test -->
